warpconvert: [WARNING] existing output files will be overwritten
warpconvert: [ERROR] unknown format for image "./templateoutput/warps/*"
warpconvert: [ERROR] error opening image "./templateoutput/warps/*"
mrregister: [WARNING] existing output files will be overwritten
mrregister: [ERROR] failed to open key/value file "/beegfs/scratch/tnc_scratch/kfo_pd_connectome/PD_connectome/AFD2/upsample/FODS/wm/1430_wm.mif": No such file or directory
mrregister: [ERROR] error opening image "/beegfs/scratch/tnc_scratch/kfo_pd_connectome/PD_connectome/AFD2/upsample/FODS/wm/1430_wm.mif"
mrregister: [WARNING] existing output files will be overwritten
mrregister: [ERROR] failed to open key/value file "/beegfs/scratch/tnc_scratch/kfo_pd_connectome/PD_connectome/AFD2/upsample/FODS/wm/3360_wm.mif": No such file or directory
mrregister: [ERROR] error opening image "/beegfs/scratch/tnc_scratch/kfo_pd_connectome/PD_connectome/AFD2/upsample/FODS/wm/3360_wm.mif"
mrregister: [WARNING] existing output files will be overwritten
mrregister: [ERROR] failed to open key/value file "/beegfs/scratch/tnc_scratch/kfo_pd_connectome/PD_connectome/AFD2/upsample/FODS/wm/3517_wm.mif": No such file or directory
mrregister: [ERROR] error opening image "/beegfs/scratch/tnc_scratch/kfo_pd_connectome/PD_connectome/AFD2/upsample/FODS/wm/3517_wm.mif"
mrregister: [WARNING] existing output files will be overwritten
mrregister: [ERROR] failed to open key/value file "/beegfs/scratch/tnc_scratch/kfo_pd_connectome/PD_connectome/AFD2/upsample/FODS/wm/4257_wm.mif": No such file or directory
mrregister: [ERROR] error opening image "/beegfs/scratch/tnc_scratch/kfo_pd_connectome/PD_connectome/AFD2/upsample/FODS/wm/4257_wm.mif"
mrregister: [WARNING] existing output files will be overwritten
mrregister: [ERROR] failed to open key/value file "/beegfs/scratch/tnc_scratch/kfo_pd_connectome/PD_connectome/AFD2/upsample/FODS/wm/4731_wm.mif": No such file or directory
mrregister: [ERROR] error opening image "/beegfs/scratch/tnc_scratch/kfo_pd_connectome/PD_connectome/AFD2/upsample/FODS/wm/4731_wm.mif"
mrregister: [WARNING] existing output files will be overwritten
mrregister: [ERROR] failed to open key/value file "/beegfs/scratch/tnc_scratch/kfo_pd_connectome/PD_connectome/AFD2/upsample/FODS/wm/4865_wm.mif": No such file or directory
mrregister: [ERROR] error opening image "/beegfs/scratch/tnc_scratch/kfo_pd_connectome/PD_connectome/AFD2/upsample/FODS/wm/4865_wm.mif"
mrregister: [WARNING] existing output files will be overwritten
mrregister: [ERROR] failed to open key/value file "/beegfs/scratch/tnc_scratch/kfo_pd_connectome/PD_connectome/AFD2/upsample/FODS/wm/4974_wm.mif": No such file or directory
mrregister: [ERROR] error opening image "/beegfs/scratch/tnc_scratch/kfo_pd_connectome/PD_connectome/AFD2/upsample/FODS/wm/4974_wm.mif"
mrregister: [WARNING] existing output files will be overwritten
mrregister: [ERROR] failed to open key/value file "/beegfs/scratch/tnc_scratch/kfo_pd_connectome/PD_connectome/AFD2/upsample/FODS/wm/4975_wm.mif": No such file or directory
mrregister: [ERROR] error opening image "/beegfs/scratch/tnc_scratch/kfo_pd_connectome/PD_connectome/AFD2/upsample/FODS/wm/4975_wm.mif"
mrregister: [WARNING] existing output files will be overwritten
mrregister: [ERROR] failed to open key/value file "/beegfs/scratch/tnc_scratch/kfo_pd_connectome/PD_connectome/AFD2/upsample/FODS/wm/4976_wm.mif": No such file or directory
mrregister: [ERROR] error opening image "/beegfs/scratch/tnc_scratch/kfo_pd_connectome/PD_connectome/AFD2/upsample/FODS/wm/4976_wm.mif"
mrregister: [WARNING] existing output files will be overwritten
mrregister: [ERROR] failed to open key/value file "/beegfs/scratch/tnc_scratch/kfo_pd_connectome/PD_connectome/AFD2/upsample/FODS/wm/4980_wm.mif": No such file or directory
mrregister: [ERROR] error opening image "/beegfs/scratch/tnc_scratch/kfo_pd_connectome/PD_connectome/AFD2/upsample/FODS/wm/4980_wm.mif"
mrregister: [WARNING] existing output files will be overwritten
mrregister: [ERROR] failed to open key/value file "/beegfs/scratch/tnc_scratch/kfo_pd_connectome/PD_connectome/AFD2/upsample/FODS/wm/4984_wm.mif": No such file or directory
mrregister: [ERROR] error opening image "/beegfs/scratch/tnc_scratch/kfo_pd_connectome/PD_connectome/AFD2/upsample/FODS/wm/4984_wm.mif"
mrregister: [WARNING] existing output files will be overwritten
mrregister: [ERROR] failed to open key/value file "/beegfs/scratch/tnc_scratch/kfo_pd_connectome/PD_connectome/AFD2/upsample/FODS/wm/5174_wm.mif": No such file or directory
mrregister: [ERROR] error opening image "/beegfs/scratch/tnc_scratch/kfo_pd_connectome/PD_connectome/AFD2/upsample/FODS/wm/5174_wm.mif"
mrregister: [WARNING] existing output files will be overwritten
mrregister: [ERROR] failed to open key/value file "/beegfs/scratch/tnc_scratch/kfo_pd_connectome/PD_connectome/AFD2/upsample/FODS/wm/5175_wm.mif": No such file or directory
mrregister: [ERROR] error opening image "/beegfs/scratch/tnc_scratch/kfo_pd_connectome/PD_connectome/AFD2/upsample/FODS/wm/5175_wm.mif"
mrregister: [WARNING] existing output files will be overwritten
mrregister: [ERROR] failed to open key/value file "/beegfs/scratch/tnc_scratch/kfo_pd_connectome/PD_connectome/AFD2/upsample/FODS/wm/5200_wm.mif": No such file or directory
mrregister: [ERROR] error opening image "/beegfs/scratch/tnc_scratch/kfo_pd_connectome/PD_connectome/AFD2/upsample/FODS/wm/5200_wm.mif"
mrregister: [WARNING] existing output files will be overwritten
mrregister: [ERROR] failed to open key/value file "/beegfs/scratch/tnc_scratch/kfo_pd_connectome/PD_connectome/AFD2/upsample/FODS/wm/5205_wm.mif": No such file or directory
mrregister: [ERROR] error opening image "/beegfs/scratch/tnc_scratch/kfo_pd_connectome/PD_connectome/AFD2/upsample/FODS/wm/5205_wm.mif"
mrregister: [WARNING] existing output files will be overwritten
mrregister: [ERROR] failed to open key/value file "/beegfs/scratch/tnc_scratch/kfo_pd_connectome/PD_connectome/AFD2/upsample/FODS/wm/5220_wm.mif": No such file or directory
mrregister: [ERROR] error opening image "/beegfs/scratch/tnc_scratch/kfo_pd_connectome/PD_connectome/AFD2/upsample/FODS/wm/5220_wm.mif"
mrregister: [WARNING] existing output files will be overwritten
mrregister: [ERROR] failed to open key/value file "/beegfs/scratch/tnc_scratch/kfo_pd_connectome/PD_connectome/AFD2/upsample/FODS/wm/5230_wm.mif": No such file or directory
mrregister: [ERROR] error opening image "/beegfs/scratch/tnc_scratch/kfo_pd_connectome/PD_connectome/AFD2/upsample/FODS/wm/5230_wm.mif"
mrregister: [WARNING] existing output files will be overwritten
mrregister: [ERROR] failed to open key/value file "/beegfs/scratch/tnc_scratch/kfo_pd_connectome/PD_connectome/AFD2/upsample/FODS/wm/5232_wm.mif": No such file or directory
mrregister: [ERROR] error opening image "/beegfs/scratch/tnc_scratch/kfo_pd_connectome/PD_connectome/AFD2/upsample/FODS/wm/5232_wm.mif"
mrregister: [WARNING] existing output files will be overwritten
mrregister: [ERROR] failed to open key/value file "/beegfs/scratch/tnc_scratch/kfo_pd_connectome/PD_connectome/AFD2/upsample/FODS/wm/5235_wm.mif": No such file or directory
mrregister: [ERROR] error opening image "/beegfs/scratch/tnc_scratch/kfo_pd_connectome/PD_connectome/AFD2/upsample/FODS/wm/5235_wm.mif"
mrregister: [WARNING] existing output files will be overwritten
mrregister: [ERROR] failed to open key/value file "/beegfs/scratch/tnc_scratch/kfo_pd_connectome/PD_connectome/AFD2/upsample/FODS/wm/5240_wm.mif": No such file or directory
mrregister: [ERROR] error opening image "/beegfs/scratch/tnc_scratch/kfo_pd_connectome/PD_connectome/AFD2/upsample/FODS/wm/5240_wm.mif"
mrregister: [WARNING] existing output files will be overwritten
mrregister: [ERROR] failed to open key/value file "/beegfs/scratch/tnc_scratch/kfo_pd_connectome/PD_connectome/AFD2/upsample/FODS/wm/5246_wm.mif": No such file or directory
mrregister: [ERROR] error opening image "/beegfs/scratch/tnc_scratch/kfo_pd_connectome/PD_connectome/AFD2/upsample/FODS/wm/5246_wm.mif"
mrregister: [WARNING] existing output files will be overwritten
mrregister: [ERROR] failed to open key/value file "/beegfs/scratch/tnc_scratch/kfo_pd_connectome/PD_connectome/AFD2/upsample/FODS/wm/5251_wm.mif": No such file or directory
mrregister: [ERROR] error opening image "/beegfs/scratch/tnc_scratch/kfo_pd_connectome/PD_connectome/AFD2/upsample/FODS/wm/5251_wm.mif"
mrregister: [WARNING] existing output files will be overwritten
mrregister: [ERROR] failed to open key/value file "/beegfs/scratch/tnc_scratch/kfo_pd_connectome/PD_connectome/AFD2/upsample/FODS/wm/5326_wm.mif": No such file or directory
mrregister: [ERROR] error opening image "/beegfs/scratch/tnc_scratch/kfo_pd_connectome/PD_connectome/AFD2/upsample/FODS/wm/5326_wm.mif"
mrregister: [WARNING] existing output files will be overwritten
mrregister: [ERROR] failed to open key/value file "/beegfs/scratch/tnc_scratch/kfo_pd_connectome/PD_connectome/AFD2/upsample/FODS/wm/5356_wm.mif": No such file or directory
mrregister: [ERROR] error opening image "/beegfs/scratch/tnc_scratch/kfo_pd_connectome/PD_connectome/AFD2/upsample/FODS/wm/5356_wm.mif"
mrregister: [WARNING] existing output files will be overwritten
mrregister: [ERROR] failed to open key/value file "/beegfs/scratch/tnc_scratch/kfo_pd_connectome/PD_connectome/AFD2/upsample/FODS/wm/5358_wm.mif": No such file or directory
mrregister: [ERROR] error opening image "/beegfs/scratch/tnc_scratch/kfo_pd_connectome/PD_connectome/AFD2/upsample/FODS/wm/5358_wm.mif"
mrregister: [WARNING] existing output files will be overwritten
mrregister: [ERROR] failed to open key/value file "/beegfs/scratch/tnc_scratch/kfo_pd_connectome/PD_connectome/AFD2/upsample/FODS/wm/5367_wm.mif": No such file or directory
mrregister: [ERROR] error opening image "/beegfs/scratch/tnc_scratch/kfo_pd_connectome/PD_connectome/AFD2/upsample/FODS/wm/5367_wm.mif"
mrregister: [WARNING] existing output files will be overwritten
mrregister: [ERROR] failed to open key/value file "/beegfs/scratch/tnc_scratch/kfo_pd_connectome/PD_connectome/AFD2/upsample/FODS/wm/7343_wm.mif": No such file or directory
mrregister: [ERROR] error opening image "/beegfs/scratch/tnc_scratch/kfo_pd_connectome/PD_connectome/AFD2/upsample/FODS/wm/7343_wm.mif"
mrregister: [WARNING] existing output files will be overwritten
mrregister: [ERROR] failed to open key/value file "/beegfs/scratch/tnc_scratch/kfo_pd_connectome/PD_connectome/AFD2/upsample/FODS/wm/7344_wm.mif": No such file or directory
mrregister: [ERROR] error opening image "/beegfs/scratch/tnc_scratch/kfo_pd_connectome/PD_connectome/AFD2/upsample/FODS/wm/7344_wm.mif"
mrregister: [WARNING] existing output files will be overwritten
mrregister: [ERROR] failed to open key/value file "/beegfs/scratch/tnc_scratch/kfo_pd_connectome/PD_connectome/AFD2/upsample/FODS/wm/7348_wm.mif": No such file or directory
mrregister: [ERROR] error opening image "/beegfs/scratch/tnc_scratch/kfo_pd_connectome/PD_connectome/AFD2/upsample/FODS/wm/7348_wm.mif"
mrregister: [WARNING] existing output files will be overwritten
mrregister: [ERROR] failed to open key/value file "/beegfs/scratch/tnc_scratch/kfo_pd_connectome/PD_connectome/AFD2/upsample/FODS/wm/7353_wm.mif": No such file or directory
mrregister: [ERROR] error opening image "/beegfs/scratch/tnc_scratch/kfo_pd_connectome/PD_connectome/AFD2/upsample/FODS/wm/7353_wm.mif"
mrregister: [WARNING] existing output files will be overwritten
mrregister: [ERROR] failed to open key/value file "/beegfs/scratch/tnc_scratch/kfo_pd_connectome/PD_connectome/AFD2/upsample/FODS/wm/7363_wm.mif": No such file or directory
mrregister: [ERROR] error opening image "/beegfs/scratch/tnc_scratch/kfo_pd_connectome/PD_connectome/AFD2/upsample/FODS/wm/7363_wm.mif"
mrregister: [WARNING] existing output files will be overwritten
mrregister: [ERROR] failed to open key/value file "/beegfs/scratch/tnc_scratch/kfo_pd_connectome/PD_connectome/AFD2/upsample/FODS/wm/7364_wm.mif": No such file or directory
mrregister: [ERROR] error opening image "/beegfs/scratch/tnc_scratch/kfo_pd_connectome/PD_connectome/AFD2/upsample/FODS/wm/7364_wm.mif"
mrregister: [WARNING] existing output files will be overwritten
mrregister: [ERROR] failed to open key/value file "/beegfs/scratch/tnc_scratch/kfo_pd_connectome/PD_connectome/AFD2/upsample/FODS/wm/7368_wm.mif": No such file or directory
mrregister: [ERROR] error opening image "/beegfs/scratch/tnc_scratch/kfo_pd_connectome/PD_connectome/AFD2/upsample/FODS/wm/7368_wm.mif"
mrregister: [WARNING] existing output files will be overwritten
mrregister: [ERROR] failed to open key/value file "/beegfs/scratch/tnc_scratch/kfo_pd_connectome/PD_connectome/AFD2/upsample/FODS/wm/7371_wm.mif": No such file or directory
mrregister: [ERROR] error opening image "/beegfs/scratch/tnc_scratch/kfo_pd_connectome/PD_connectome/AFD2/upsample/FODS/wm/7371_wm.mif"
mrregister: [WARNING] existing output files will be overwritten
mrregister: [ERROR] failed to open key/value file "/beegfs/scratch/tnc_scratch/kfo_pd_connectome/PD_connectome/AFD2/upsample/FODS/wm/7398_wm.mif": No such file or directory
mrregister: [ERROR] error opening image "/beegfs/scratch/tnc_scratch/kfo_pd_connectome/PD_connectome/AFD2/upsample/FODS/wm/7398_wm.mif"
mrregister: [WARNING] existing output files will be overwritten
mrregister: [ERROR] failed to open key/value file "/beegfs/scratch/tnc_scratch/kfo_pd_connectome/PD_connectome/AFD2/upsample/FODS/wm/7405_wm.mif": No such file or directory
mrregister: [ERROR] error opening image "/beegfs/scratch/tnc_scratch/kfo_pd_connectome/PD_connectome/AFD2/upsample/FODS/wm/7405_wm.mif"
mrregister: [WARNING] existing output files will be overwritten
mrregister: [ERROR] failed to open key/value file "/beegfs/scratch/tnc_scratch/kfo_pd_connectome/PD_connectome/AFD2/upsample/FODS/wm/7492_wm.mif": No such file or directory
mrregister: [ERROR] error opening image "/beegfs/scratch/tnc_scratch/kfo_pd_connectome/PD_connectome/AFD2/upsample/FODS/wm/7492_wm.mif"
mrregister: [WARNING] existing output files will be overwritten
mrregister: [ERROR] failed to open key/value file "/beegfs/scratch/tnc_scratch/kfo_pd_connectome/PD_connectome/AFD2/upsample/FODS/wm/7493_wm.mif": No such file or directory
mrregister: [ERROR] error opening image "/beegfs/scratch/tnc_scratch/kfo_pd_connectome/PD_connectome/AFD2/upsample/FODS/wm/7493_wm.mif"
mrregister: [WARNING] existing output files will be overwritten
mrregister: [ERROR] failed to open key/value file "/beegfs/scratch/tnc_scratch/kfo_pd_connectome/PD_connectome/AFD2/upsample/FODS/wm/7495_wm.mif": No such file or directory
mrregister: [ERROR] error opening image "/beegfs/scratch/tnc_scratch/kfo_pd_connectome/PD_connectome/AFD2/upsample/FODS/wm/7495_wm.mif"
mrregister: [WARNING] existing output files will be overwritten
mrregister: [ERROR] failed to open key/value file "/beegfs/scratch/tnc_scratch/kfo_pd_connectome/PD_connectome/AFD2/upsample/FODS/wm/7538_wm.mif": No such file or directory
mrregister: [ERROR] error opening image "/beegfs/scratch/tnc_scratch/kfo_pd_connectome/PD_connectome/AFD2/upsample/FODS/wm/7538_wm.mif"
mrregister: [WARNING] existing output files will be overwritten
mrregister: [ERROR] failed to open key/value file "/beegfs/scratch/tnc_scratch/kfo_pd_connectome/PD_connectome/AFD2/upsample/FODS/wm/7539_wm.mif": No such file or directory
mrregister: [ERROR] error opening image "/beegfs/scratch/tnc_scratch/kfo_pd_connectome/PD_connectome/AFD2/upsample/FODS/wm/7539_wm.mif"
mrregister: [WARNING] existing output files will be overwritten
mrregister: [ERROR] failed to open key/value file "/beegfs/scratch/tnc_scratch/kfo_pd_connectome/PD_connectome/AFD2/upsample/FODS/wm/7587_wm.mif": No such file or directory
mrregister: [ERROR] error opening image "/beegfs/scratch/tnc_scratch/kfo_pd_connectome/PD_connectome/AFD2/upsample/FODS/wm/7587_wm.mif"
mrregister: [WARNING] existing output files will be overwritten
mrregister: [ERROR] failed to open key/value file "/beegfs/scratch/tnc_scratch/kfo_pd_connectome/PD_connectome/AFD2/upsample/FODS/wm/7588_wm.mif": No such file or directory
mrregister: [ERROR] error opening image "/beegfs/scratch/tnc_scratch/kfo_pd_connectome/PD_connectome/AFD2/upsample/FODS/wm/7588_wm.mif"
mrregister: [WARNING] existing output files will be overwritten
mrregister: [ERROR] failed to open key/value file "/beegfs/scratch/tnc_scratch/kfo_pd_connectome/PD_connectome/AFD2/upsample/FODS/wm/7590_wm.mif": No such file or directory
mrregister: [ERROR] error opening image "/beegfs/scratch/tnc_scratch/kfo_pd_connectome/PD_connectome/AFD2/upsample/FODS/wm/7590_wm.mif"
mrregister: [WARNING] existing output files will be overwritten
mrregister: [ERROR] failed to open key/value file "/beegfs/scratch/tnc_scratch/kfo_pd_connectome/PD_connectome/AFD2/upsample/FODS/wm/7595_wm.mif": No such file or directory
mrregister: [ERROR] error opening image "/beegfs/scratch/tnc_scratch/kfo_pd_connectome/PD_connectome/AFD2/upsample/FODS/wm/7595_wm.mif"
mrregister: [WARNING] existing output files will be overwritten
mrregister: [ERROR] failed to open key/value file "/beegfs/scratch/tnc_scratch/kfo_pd_connectome/PD_connectome/AFD2/upsample/FODS/wm/7596_wm.mif": No such file or directory
mrregister: [ERROR] error opening image "/beegfs/scratch/tnc_scratch/kfo_pd_connectome/PD_connectome/AFD2/upsample/FODS/wm/7596_wm.mif"
mrregister: [WARNING] existing output files will be overwritten
mrregister: [ERROR] failed to open key/value file "/beegfs/scratch/tnc_scratch/kfo_pd_connectome/PD_connectome/AFD2/upsample/FODS/wm/7597_wm.mif": No such file or directory
mrregister: [ERROR] error opening image "/beegfs/scratch/tnc_scratch/kfo_pd_connectome/PD_connectome/AFD2/upsample/FODS/wm/7597_wm.mif"
mrregister: [WARNING] existing output files will be overwritten
mrregister: [ERROR] failed to open key/value file "/beegfs/scratch/tnc_scratch/kfo_pd_connectome/PD_connectome/AFD2/upsample/FODS/wm/7714_wm.mif": No such file or directory
mrregister: [ERROR] error opening image "/beegfs/scratch/tnc_scratch/kfo_pd_connectome/PD_connectome/AFD2/upsample/FODS/wm/7714_wm.mif"
mrregister: [WARNING] existing output files will be overwritten
mrregister: [ERROR] failed to open key/value file "/beegfs/scratch/tnc_scratch/kfo_pd_connectome/PD_connectome/AFD2/upsample/FODS/wm/7715_wm.mif": No such file or directory
mrregister: [ERROR] error opening image "/beegfs/scratch/tnc_scratch/kfo_pd_connectome/PD_connectome/AFD2/upsample/FODS/wm/7715_wm.mif"
mrregister: [WARNING] existing output files will be overwritten
mrregister: [ERROR] failed to open key/value file "/beegfs/scratch/tnc_scratch/kfo_pd_connectome/PD_connectome/AFD2/upsample/FODS/wm/7758_wm.mif": No such file or directory
mrregister: [ERROR] error opening image "/beegfs/scratch/tnc_scratch/kfo_pd_connectome/PD_connectome/AFD2/upsample/FODS/wm/7758_wm.mif"
mrregister: [WARNING] existing output files will be overwritten
mrregister: [ERROR] failed to open key/value file "/beegfs/scratch/tnc_scratch/kfo_pd_connectome/PD_connectome/AFD2/upsample/FODS/wm/7759_wm.mif": No such file or directory
mrregister: [ERROR] error opening image "/beegfs/scratch/tnc_scratch/kfo_pd_connectome/PD_connectome/AFD2/upsample/FODS/wm/7759_wm.mif"
mrregister: [WARNING] existing output files will be overwritten
mrregister: [ERROR] failed to open key/value file "/beegfs/scratch/tnc_scratch/kfo_pd_connectome/PD_connectome/AFD2/upsample/FODS/wm/7772_wm.mif": No such file or directory
mrregister: [ERROR] error opening image "/beegfs/scratch/tnc_scratch/kfo_pd_connectome/PD_connectome/AFD2/upsample/FODS/wm/7772_wm.mif"
mrregister: [WARNING] existing output files will be overwritten
mrregister: [ERROR] failed to open key/value file "/beegfs/scratch/tnc_scratch/kfo_pd_connectome/PD_connectome/AFD2/upsample/FODS/wm/7775_wm.mif": No such file or directory
mrregister: [ERROR] error opening image "/beegfs/scratch/tnc_scratch/kfo_pd_connectome/PD_connectome/AFD2/upsample/FODS/wm/7775_wm.mif"
mrregister: [WARNING] existing output files will be overwritten
mrregister: [ERROR] failed to open key/value file "/beegfs/scratch/tnc_scratch/kfo_pd_connectome/PD_connectome/AFD2/upsample/FODS/wm/7982_wm.mif": No such file or directory
mrregister: [ERROR] error opening image "/beegfs/scratch/tnc_scratch/kfo_pd_connectome/PD_connectome/AFD2/upsample/FODS/wm/7982_wm.mif"
mrregister: [WARNING] existing output files will be overwritten
mrregister: [ERROR] failed to open key/value file "/beegfs/scratch/tnc_scratch/kfo_pd_connectome/PD_connectome/AFD2/upsample/FODS/wm/8001_wm.mif": No such file or directory
mrregister: [ERROR] error opening image "/beegfs/scratch/tnc_scratch/kfo_pd_connectome/PD_connectome/AFD2/upsample/FODS/wm/8001_wm.mif"
mrregister: [WARNING] existing output files will be overwritten
mrregister: [ERROR] failed to open key/value file "/beegfs/scratch/tnc_scratch/kfo_pd_connectome/PD_connectome/AFD2/upsample/FODS/wm/8002_wm.mif": No such file or directory
mrregister: [ERROR] error opening image "/beegfs/scratch/tnc_scratch/kfo_pd_connectome/PD_connectome/AFD2/upsample/FODS/wm/8002_wm.mif"
mrregister: [WARNING] existing output files will be overwritten
mrregister: [ERROR] failed to open key/value file "/beegfs/scratch/tnc_scratch/kfo_pd_connectome/PD_connectome/AFD2/upsample/FODS/wm/8009_wm.mif": No such file or directory
mrregister: [ERROR] error opening image "/beegfs/scratch/tnc_scratch/kfo_pd_connectome/PD_connectome/AFD2/upsample/FODS/wm/8009_wm.mif"
mrregister: [WARNING] existing output files will be overwritten
mrregister: [ERROR] failed to open key/value file "/beegfs/scratch/tnc_scratch/kfo_pd_connectome/PD_connectome/AFD2/upsample/FODS/wm/8017_wm.mif": No such file or directory
mrregister: [ERROR] error opening image "/beegfs/scratch/tnc_scratch/kfo_pd_connectome/PD_connectome/AFD2/upsample/FODS/wm/8017_wm.mif"
mrregister: [WARNING] existing output files will be overwritten
mrregister: [ERROR] failed to open key/value file "/beegfs/scratch/tnc_scratch/kfo_pd_connectome/PD_connectome/AFD2/upsample/FODS/wm/8032_wm.mif": No such file or directory
mrregister: [ERROR] error opening image "/beegfs/scratch/tnc_scratch/kfo_pd_connectome/PD_connectome/AFD2/upsample/FODS/wm/8032_wm.mif"
mrtransform: [WARNING] existing output files will be overwritten
mrtransform: [ERROR] failed to open key/value file "./templateoutput/warps/14302template_warp.mif": No such file or directory
mrtransform: [ERROR] error opening image "./templateoutput/warps/14302template_warp.mif"
mrtransform: [WARNING] existing output files will be overwritten
mrtransform: [ERROR] failed to open key/value file "./templateoutput/warps/33602template_warp.mif": No such file or directory
mrtransform: [ERROR] error opening image "./templateoutput/warps/33602template_warp.mif"
mrtransform: [WARNING] existing output files will be overwritten
mrtransform: [ERROR] failed to open key/value file "./templateoutput/warps/35172template_warp.mif": No such file or directory
mrtransform: [ERROR] error opening image "./templateoutput/warps/35172template_warp.mif"
mrtransform: [WARNING] existing output files will be overwritten
mrtransform: [ERROR] failed to open key/value file "./templateoutput/warps/42572template_warp.mif": No such file or directory
mrtransform: [ERROR] error opening image "./templateoutput/warps/42572template_warp.mif"
mrtransform: [WARNING] existing output files will be overwritten
mrtransform: [ERROR] failed to open key/value file "./templateoutput/warps/47312template_warp.mif": No such file or directory
mrtransform: [ERROR] error opening image "./templateoutput/warps/47312template_warp.mif"
mrtransform: [WARNING] existing output files will be overwritten
mrtransform: [ERROR] failed to open key/value file "./templateoutput/warps/48652template_warp.mif": No such file or directory
mrtransform: [ERROR] error opening image "./templateoutput/warps/48652template_warp.mif"
mrtransform: [WARNING] existing output files will be overwritten
mrtransform: [ERROR] failed to open key/value file "./templateoutput/warps/49742template_warp.mif": No such file or directory
mrtransform: [ERROR] error opening image "./templateoutput/warps/49742template_warp.mif"
mrtransform: [WARNING] existing output files will be overwritten
mrtransform: [ERROR] failed to open key/value file "./templateoutput/warps/49752template_warp.mif": No such file or directory
mrtransform: [ERROR] error opening image "./templateoutput/warps/49752template_warp.mif"
mrtransform: [WARNING] existing output files will be overwritten
mrtransform: [ERROR] failed to open key/value file "./templateoutput/warps/49762template_warp.mif": No such file or directory
mrtransform: [ERROR] error opening image "./templateoutput/warps/49762template_warp.mif"
mrtransform: [WARNING] existing output files will be overwritten
mrtransform: [ERROR] failed to open key/value file "./templateoutput/warps/49802template_warp.mif": No such file or directory
mrtransform: [ERROR] error opening image "./templateoutput/warps/49802template_warp.mif"
mrtransform: [WARNING] existing output files will be overwritten
mrtransform: [ERROR] failed to open key/value file "./templateoutput/warps/49842template_warp.mif": No such file or directory
mrtransform: [ERROR] error opening image "./templateoutput/warps/49842template_warp.mif"
mrtransform: [WARNING] existing output files will be overwritten
mrtransform: [ERROR] failed to open key/value file "./templateoutput/warps/51742template_warp.mif": No such file or directory
mrtransform: [ERROR] error opening image "./templateoutput/warps/51742template_warp.mif"
mrtransform: [WARNING] existing output files will be overwritten
mrtransform: [ERROR] failed to open key/value file "./templateoutput/warps/51752template_warp.mif": No such file or directory
mrtransform: [ERROR] error opening image "./templateoutput/warps/51752template_warp.mif"
mrtransform: [WARNING] existing output files will be overwritten
mrtransform: [ERROR] failed to open key/value file "./templateoutput/warps/52002template_warp.mif": No such file or directory
mrtransform: [ERROR] error opening image "./templateoutput/warps/52002template_warp.mif"
mrtransform: [WARNING] existing output files will be overwritten
mrtransform: [ERROR] failed to open key/value file "./templateoutput/warps/52052template_warp.mif": No such file or directory
mrtransform: [ERROR] error opening image "./templateoutput/warps/52052template_warp.mif"
mrtransform: [WARNING] existing output files will be overwritten
mrtransform: [ERROR] failed to open key/value file "./templateoutput/warps/52202template_warp.mif": No such file or directory
mrtransform: [ERROR] error opening image "./templateoutput/warps/52202template_warp.mif"
mrtransform: [WARNING] existing output files will be overwritten
mrtransform: [ERROR] failed to open key/value file "./templateoutput/warps/52302template_warp.mif": No such file or directory
mrtransform: [ERROR] error opening image "./templateoutput/warps/52302template_warp.mif"
mrtransform: [WARNING] existing output files will be overwritten
mrtransform: [ERROR] failed to open key/value file "./templateoutput/warps/52322template_warp.mif": No such file or directory
mrtransform: [ERROR] error opening image "./templateoutput/warps/52322template_warp.mif"
mrtransform: [WARNING] existing output files will be overwritten
mrtransform: [ERROR] failed to open key/value file "./templateoutput/warps/52352template_warp.mif": No such file or directory
mrtransform: [ERROR] error opening image "./templateoutput/warps/52352template_warp.mif"
mrtransform: [WARNING] existing output files will be overwritten
mrtransform: [ERROR] failed to open key/value file "./templateoutput/warps/52402template_warp.mif": No such file or directory
mrtransform: [ERROR] error opening image "./templateoutput/warps/52402template_warp.mif"
mrtransform: [WARNING] existing output files will be overwritten
mrtransform: [ERROR] failed to open key/value file "./templateoutput/warps/52462template_warp.mif": No such file or directory
mrtransform: [ERROR] error opening image "./templateoutput/warps/52462template_warp.mif"
mrtransform: [WARNING] existing output files will be overwritten
mrtransform: [ERROR] failed to open key/value file "./templateoutput/warps/52512template_warp.mif": No such file or directory
mrtransform: [ERROR] error opening image "./templateoutput/warps/52512template_warp.mif"
mrtransform: [WARNING] existing output files will be overwritten
mrtransform: [ERROR] failed to open key/value file "./templateoutput/warps/53262template_warp.mif": No such file or directory
mrtransform: [ERROR] error opening image "./templateoutput/warps/53262template_warp.mif"
mrtransform: [WARNING] existing output files will be overwritten
mrtransform: [ERROR] failed to open key/value file "./templateoutput/warps/53562template_warp.mif": No such file or directory
mrtransform: [ERROR] error opening image "./templateoutput/warps/53562template_warp.mif"
mrtransform: [WARNING] existing output files will be overwritten
mrtransform: [ERROR] failed to open key/value file "./templateoutput/warps/53582template_warp.mif": No such file or directory
mrtransform: [ERROR] error opening image "./templateoutput/warps/53582template_warp.mif"
mrtransform: [WARNING] existing output files will be overwritten
mrtransform: [ERROR] failed to open key/value file "./templateoutput/warps/53672template_warp.mif": No such file or directory
mrtransform: [ERROR] error opening image "./templateoutput/warps/53672template_warp.mif"
mrtransform: [WARNING] existing output files will be overwritten
mrtransform: [ERROR] failed to open key/value file "./templateoutput/warps/73432template_warp.mif": No such file or directory
mrtransform: [ERROR] error opening image "./templateoutput/warps/73432template_warp.mif"
mrtransform: [WARNING] existing output files will be overwritten
mrtransform: [ERROR] failed to open key/value file "./templateoutput/warps/73442template_warp.mif": No such file or directory
mrtransform: [ERROR] error opening image "./templateoutput/warps/73442template_warp.mif"
mrtransform: [WARNING] existing output files will be overwritten
mrtransform: [ERROR] failed to open key/value file "./templateoutput/warps/73482template_warp.mif": No such file or directory
mrtransform: [ERROR] error opening image "./templateoutput/warps/73482template_warp.mif"
mrtransform: [WARNING] existing output files will be overwritten
mrtransform: [ERROR] failed to open key/value file "./templateoutput/warps/73532template_warp.mif": No such file or directory
mrtransform: [ERROR] error opening image "./templateoutput/warps/73532template_warp.mif"
mrtransform: [WARNING] existing output files will be overwritten
mrtransform: [ERROR] failed to open key/value file "./templateoutput/warps/73632template_warp.mif": No such file or directory
mrtransform: [ERROR] error opening image "./templateoutput/warps/73632template_warp.mif"
mrtransform: [WARNING] existing output files will be overwritten
mrtransform: [ERROR] failed to open key/value file "./templateoutput/warps/73642template_warp.mif": No such file or directory
mrtransform: [ERROR] error opening image "./templateoutput/warps/73642template_warp.mif"
mrtransform: [WARNING] existing output files will be overwritten
mrtransform: [ERROR] failed to open key/value file "./templateoutput/warps/73682template_warp.mif": No such file or directory
mrtransform: [ERROR] error opening image "./templateoutput/warps/73682template_warp.mif"
mrtransform: [WARNING] existing output files will be overwritten
mrtransform: [ERROR] failed to open key/value file "./templateoutput/warps/73712template_warp.mif": No such file or directory
mrtransform: [ERROR] error opening image "./templateoutput/warps/73712template_warp.mif"
mrtransform: [WARNING] existing output files will be overwritten
mrtransform: [ERROR] failed to open key/value file "./templateoutput/warps/73982template_warp.mif": No such file or directory
mrtransform: [ERROR] error opening image "./templateoutput/warps/73982template_warp.mif"
mrtransform: [WARNING] existing output files will be overwritten
mrtransform: [ERROR] failed to open key/value file "./templateoutput/warps/74052template_warp.mif": No such file or directory
mrtransform: [ERROR] error opening image "./templateoutput/warps/74052template_warp.mif"
mrtransform: [WARNING] existing output files will be overwritten
mrtransform: [ERROR] failed to open key/value file "./templateoutput/warps/74922template_warp.mif": No such file or directory
mrtransform: [ERROR] error opening image "./templateoutput/warps/74922template_warp.mif"
mrtransform: [WARNING] existing output files will be overwritten
mrtransform: [ERROR] failed to open key/value file "./templateoutput/warps/74932template_warp.mif": No such file or directory
mrtransform: [ERROR] error opening image "./templateoutput/warps/74932template_warp.mif"
mrtransform: [WARNING] existing output files will be overwritten
mrtransform: [ERROR] failed to open key/value file "./templateoutput/warps/74952template_warp.mif": No such file or directory
mrtransform: [ERROR] error opening image "./templateoutput/warps/74952template_warp.mif"
mrtransform: [WARNING] existing output files will be overwritten
mrtransform: [ERROR] failed to open key/value file "./templateoutput/warps/75382template_warp.mif": No such file or directory
mrtransform: [ERROR] error opening image "./templateoutput/warps/75382template_warp.mif"
mrtransform: [WARNING] existing output files will be overwritten
mrtransform: [ERROR] failed to open key/value file "./templateoutput/warps/75392template_warp.mif": No such file or directory
mrtransform: [ERROR] error opening image "./templateoutput/warps/75392template_warp.mif"
mrtransform: [WARNING] existing output files will be overwritten
mrtransform: [ERROR] failed to open key/value file "./templateoutput/warps/75872template_warp.mif": No such file or directory
mrtransform: [ERROR] error opening image "./templateoutput/warps/75872template_warp.mif"
mrtransform: [WARNING] existing output files will be overwritten
mrtransform: [ERROR] failed to open key/value file "./templateoutput/warps/75882template_warp.mif": No such file or directory
mrtransform: [ERROR] error opening image "./templateoutput/warps/75882template_warp.mif"
mrtransform: [WARNING] existing output files will be overwritten
mrtransform: [ERROR] failed to open key/value file "./templateoutput/warps/75902template_warp.mif": No such file or directory
mrtransform: [ERROR] error opening image "./templateoutput/warps/75902template_warp.mif"
mrtransform: [WARNING] existing output files will be overwritten
mrtransform: [ERROR] failed to open key/value file "./templateoutput/warps/75952template_warp.mif": No such file or directory
mrtransform: [ERROR] error opening image "./templateoutput/warps/75952template_warp.mif"
mrtransform: [WARNING] existing output files will be overwritten
mrtransform: [ERROR] failed to open key/value file "./templateoutput/warps/75962template_warp.mif": No such file or directory
mrtransform: [ERROR] error opening image "./templateoutput/warps/75962template_warp.mif"
mrtransform: [WARNING] existing output files will be overwritten
mrtransform: [ERROR] failed to open key/value file "./templateoutput/warps/75972template_warp.mif": No such file or directory
mrtransform: [ERROR] error opening image "./templateoutput/warps/75972template_warp.mif"
mrtransform: [WARNING] existing output files will be overwritten
mrtransform: [ERROR] failed to open key/value file "./templateoutput/warps/77142template_warp.mif": No such file or directory
mrtransform: [ERROR] error opening image "./templateoutput/warps/77142template_warp.mif"
mrtransform: [WARNING] existing output files will be overwritten
mrtransform: [ERROR] failed to open key/value file "./templateoutput/warps/77152template_warp.mif": No such file or directory
mrtransform: [ERROR] error opening image "./templateoutput/warps/77152template_warp.mif"
mrtransform: [WARNING] existing output files will be overwritten
mrtransform: [ERROR] failed to open key/value file "./templateoutput/warps/77582template_warp.mif": No such file or directory
mrtransform: [ERROR] error opening image "./templateoutput/warps/77582template_warp.mif"
mrtransform: [WARNING] existing output files will be overwritten
mrtransform: [ERROR] failed to open key/value file "./templateoutput/warps/77592template_warp.mif": No such file or directory
mrtransform: [ERROR] error opening image "./templateoutput/warps/77592template_warp.mif"
mrtransform: [WARNING] existing output files will be overwritten
mrtransform: [ERROR] failed to open key/value file "./templateoutput/warps/77722template_warp.mif": No such file or directory
mrtransform: [ERROR] error opening image "./templateoutput/warps/77722template_warp.mif"
mrtransform: [WARNING] existing output files will be overwritten
mrtransform: [ERROR] failed to open key/value file "./templateoutput/warps/77752template_warp.mif": No such file or directory
mrtransform: [ERROR] error opening image "./templateoutput/warps/77752template_warp.mif"
mrtransform: [WARNING] existing output files will be overwritten
mrtransform: [ERROR] failed to open key/value file "./templateoutput/warps/79822template_warp.mif": No such file or directory
mrtransform: [ERROR] error opening image "./templateoutput/warps/79822template_warp.mif"
mrtransform: [WARNING] existing output files will be overwritten
mrtransform: [ERROR] failed to open key/value file "./templateoutput/warps/80012template_warp.mif": No such file or directory
mrtransform: [ERROR] error opening image "./templateoutput/warps/80012template_warp.mif"
mrtransform: [WARNING] existing output files will be overwritten
mrtransform: [ERROR] failed to open key/value file "./templateoutput/warps/80022template_warp.mif": No such file or directory
mrtransform: [ERROR] error opening image "./templateoutput/warps/80022template_warp.mif"
mrtransform: [WARNING] existing output files will be overwritten
mrtransform: [ERROR] failed to open key/value file "./templateoutput/warps/80092template_warp.mif": No such file or directory
mrtransform: [ERROR] error opening image "./templateoutput/warps/80092template_warp.mif"
mrtransform: [WARNING] existing output files will be overwritten
mrtransform: [ERROR] failed to open key/value file "./templateoutput/warps/80172template_warp.mif": No such file or directory
mrtransform: [ERROR] error opening image "./templateoutput/warps/80172template_warp.mif"
mrtransform: [WARNING] existing output files will be overwritten
mrtransform: [ERROR] failed to open key/value file "./templateoutput/warps/80322template_warp.mif": No such file or directory
mrtransform: [ERROR] error opening image "./templateoutput/warps/80322template_warp.mif"
mrmath: [WARNING] existing output files will be overwritten
mrmath: [ERROR] mrmath requires either multiple input images, or the -axis option to be provided
/beegfs/scratch/tnc_scratch/kfo_pd_connectome/PD_connectome/diffusion-pipeline/fixelanalysis/fodtemplateandfixelmask: line 27: unexpected EOF while looking for matching `}'
/beegfs/scratch/tnc_scratch/kfo_pd_connectome/PD_connectome/diffusion-pipeline/fixelanalysis/fodtemplateandfixelmask: line 36: syntax error: unexpected end of file
