dwiintensitynorm: [03;32mperforming global intensity normalisation on 68 input images[0m
dwiintensitynorm: [01;31m[ERROR] the number of images in the mask directory does not equal the number of images in the input directory[0m
dwiintensitynorm: [03;32mChanging back to original directory (/beegfs/scratch/tnc_scratch/kfo_pd_connectome/PD_connectome/AFD2)[0m
dwi2tensor: [WARNING] existing output files will be overwritten
dwi2tensor: [ERROR] failed to open key/value file "/beegfs/scratch/tnc_scratch/kfo_pd_connectome/PD_connectome/AFD2/DWInorm/*DWI.mif": No such file or directory
dwi2tensor: [ERROR] error opening image "/beegfs/scratch/tnc_scratch/kfo_pd_connectome/PD_connectome/AFD2/DWInorm/*DWI.mif"
tensor2metric: [WARNING] existing output files will be overwritten
tensor2metric: [ERROR] failed to open key/value file "/beegfs/scratch/tnc_scratch/kfo_pd_connectome/PD_connectome/AFD2/DWInorm/*dt.mif": No such file or directory
tensor2metric: [ERROR] error opening image "/beegfs/scratch/tnc_scratch/kfo_pd_connectome/PD_connectome/AFD2/DWInorm/*dt.mif"
tensor2metric: [WARNING] existing output files will be overwritten
tensor2metric: [ERROR] failed to open key/value file "/beegfs/scratch/tnc_scratch/kfo_pd_connectome/PD_connectome/AFD2/DWInorm/*dt.mif": No such file or directory
tensor2metric: [ERROR] error opening image "/beegfs/scratch/tnc_scratch/kfo_pd_connectome/PD_connectome/AFD2/DWInorm/*dt.mif"
dwi2response: [03;32m[0m
dwi2response: [03;32mNote that this script makes use of commands / algorithms that have relevant articles for citation. Please consult the help page (-help option) for more information.[0m
dwi2response: [03;32m[0m
dwi2response: [03;32mGenerated temporary directory: /tmp/dwi2response-tmp-KNDJ6A/[0m
[03;34mCommand:[0m mrconvert /beegfs/scratch/tnc_scratch/kfo_pd_connectome/PD_connectome/AFD2/DWInorm/*DWI.mif /tmp/dwi2response-tmp-KNDJ6A/dwi.mif -stride 0,0,0,1
dwi2response: [03;32m[0m
dwi2response: [01;31m[ERROR] Command failed: mrconvert /beegfs/scratch/tnc_scratch/kfo_pd_connectome/PD_connectome/AFD2/DWInorm/*DWI.mif /tmp/dwi2response-tmp-KNDJ6A/dwi.mif -stride 0,0,0,1[0m
dwi2response: [03;32mOutput of failed command:[0m
mrconvert: [01;31m[ERROR] failed to open key/value file "/beegfs/scratch/tnc_scratch/kfo_pd_connectome/PD_connectome/AFD2/DWInorm/*DWI.mif": No such file or directory[0m
mrconvert: [01;31m[ERROR] error opening image "/beegfs/scratch/tnc_scratch/kfo_pd_connectome/PD_connectome/AFD2/DWInorm/*DWI.mif"[0m
dwi2response: [03;32mChanging back to original directory (/beegfs/scratch/tnc_scratch/kfo_pd_connectome/PD_connectome/AFD2)[0m
dwi2response: [00;31mScript failed while executing the command: mrconvert /beegfs/scratch/tnc_scratch/kfo_pd_connectome/PD_connectome/AFD2/DWInorm/*DWI.mif /tmp/dwi2response-tmp-KNDJ6A/dwi.mif -stride 0,0,0,1[0m
dwi2response: [00;31mFor debugging, inspect contents of temporary directory: /tmp/dwi2response-tmp-KNDJ6A/[0m
rm: cannot remove ‘/beegfs/scratch/tnc_scratch/kfo_pd_connectome/PD_connectome/AFD2/FODS/avg_wm_resp.txt’: No such file or directory
rm: cannot remove ‘/beegfs/scratch/tnc_scratch/kfo_pd_connectome/PD_connectome/AFD2/FODS/avg_csf_resp.txt’: No such file or directory
Number of subjects: 1
Traceback (most recent call last):
  File "/beegfs/scratch/tnc_scratch/aperry/MRtrix/02032017/scripts/average_response", line 19, in <module>
    with open(sys.argv[i], 'r') as f:
IOError: [Errno 2] No such file or directory: '/beegfs/scratch/tnc_scratch/kfo_pd_connectome/PD_connectome/AFD2/FODS/*wm.txt'
Number of subjects: 1
Traceback (most recent call last):
  File "/beegfs/scratch/tnc_scratch/aperry/MRtrix/02032017/scripts/average_response", line 19, in <module>
    with open(sys.argv[i], 'r') as f:
IOError: [Errno 2] No such file or directory: '/beegfs/scratch/tnc_scratch/kfo_pd_connectome/PD_connectome/AFD2/FODS/*csf.txt'
dwi2fod: [WARNING] existing output files will be overwritten
dwi2fod: [ERROR] failed to open key/value file "/beegfs/scratch/tnc_scratch/kfo_pd_connectome/PD_connectome/AFD2/DWInorm/*DWI.mif": No such file or directory
dwi2fod: [ERROR] error opening image "/beegfs/scratch/tnc_scratch/kfo_pd_connectome/PD_connectome/AFD2/DWInorm/*DWI.mif"
